2021-05-24T08:49:25,048 INFO o.h.v.i.u.Version [background-preinit]: HV000001: Hibernate Validator 6.2.0.Final
2021-05-24T08:49:25,083 INFO c.n.a.ApirestApplication [restartedMain]: Starting ApirestApplication using Java 1.8.0_281 on LAPTOP-SJ42IUVC with PID 12296 (D:\Proyecto-R\Personales\Practice\apirest\build\classes\java\main started by bryan in D:\Proyecto-R\Personales\Practice\apirest)
2021-05-24T08:49:25,087 INFO c.n.a.ApirestApplication [restartedMain]: The following profiles are active: dev
2021-05-24T08:49:25,155 INFO o.s.b.d.e.DevToolsPropertyDefaultsPostProcessor [restartedMain]: Devtools property defaults active! Set 'spring.devtools.add-properties' to 'false' to disable
2021-05-24T08:49:25,155 INFO o.s.b.d.e.DevToolsPropertyDefaultsPostProcessor [restartedMain]: For additional web related logging consider setting the 'logging.level.web' property to 'DEBUG'
2021-05-24T08:49:25,385 WARN o.s.h.c.j.Jackson2ObjectMapperBuilder [background-preinit]: For Jackson Kotlin classes support please add "com.fasterxml.jackson.module:jackson-module-kotlin" to the classpath
2021-05-24T08:49:25,933 INFO o.s.d.r.c.RepositoryConfigurationDelegate [restartedMain]: Bootstrapping Spring Data JPA repositories in DEFAULT mode.
2021-05-24T08:49:26,002 INFO o.s.d.r.c.RepositoryConfigurationDelegate [restartedMain]: Finished Spring Data repository scanning in 58 ms. Found 3 JPA repository interfaces.
2021-05-24T08:49:26,641 INFO o.s.b.w.e.t.TomcatWebServer [restartedMain]: Tomcat initialized with port(s): 8081 (http)
2021-05-24T08:49:26,650 INFO o.a.c.h.Http11NioProtocol [restartedMain]: Initializing ProtocolHandler ["http-nio-8081"]
2021-05-24T08:49:26,650 INFO o.a.c.c.StandardService [restartedMain]: Starting service [Tomcat]
2021-05-24T08:49:26,651 INFO o.a.c.c.StandardEngine [restartedMain]: Starting Servlet engine: [Apache Tomcat/9.0.46]
2021-05-24T08:49:26,735 INFO o.a.c.c.C.[.[.[/] [restartedMain]: Initializing Spring embedded WebApplicationContext
2021-05-24T08:49:26,736 INFO o.s.b.w.s.c.ServletWebServerApplicationContext [restartedMain]: Root WebApplicationContext: initialization completed in 1579 ms
2021-05-24T08:49:26,766 INFO c.z.h.HikariDataSource [restartedMain]: HikariPool-1 - Starting...
2021-05-24T08:49:26,881 INFO c.z.h.HikariDataSource [restartedMain]: HikariPool-1 - Start completed.
2021-05-24T08:49:26,888 INFO o.s.b.a.h.H2ConsoleAutoConfiguration [restartedMain]: H2 console available at '/h2-console'. Database available at 'jdbc:h2:mem:testdb'
2021-05-24T08:49:27,001 INFO o.h.j.i.u.LogHelper [restartedMain]: HHH000204: Processing PersistenceUnitInfo [name: default]
2021-05-24T08:49:27,046 INFO o.h.Version [restartedMain]: HHH000412: Hibernate ORM core version 5.4.31.Final
2021-05-24T08:49:27,175 INFO o.h.a.c.Version [restartedMain]: HCANN000001: Hibernate Commons Annotations {5.1.2.Final}
2021-05-24T08:49:27,295 INFO o.h.d.Dialect [restartedMain]: HHH000400: Using dialect: org.hibernate.dialect.H2Dialect
2021-05-24T08:49:27,913 INFO o.h.e.t.j.p.i.JtaPlatformInitiator [restartedMain]: HHH000490: Using JtaPlatform implementation: [org.hibernate.engine.transaction.jta.platform.internal.NoJtaPlatform]
2021-05-24T08:49:27,923 INFO o.s.o.j.LocalContainerEntityManagerFactoryBean [restartedMain]: Initialized JPA EntityManagerFactory for persistence unit 'default'
2021-05-24T08:49:29,067 INFO o.s.s.w.DefaultSecurityFilterChain [restartedMain]: Will secure any request with [org.springframework.security.web.context.request.async.WebAsyncManagerIntegrationFilter@7622fe99, org.springframework.security.web.context.SecurityContextPersistenceFilter@910b22d, org.springframework.security.web.header.HeaderWriterFilter@240fa27e, org.springframework.web.filter.CorsFilter@7c2b6437, org.springframework.security.web.authentication.logout.LogoutFilter@3c434eca, com.nizum.apirest.security.JWTAuthenticationFilter@4ae2faea, org.springframework.security.web.savedrequest.RequestCacheAwareFilter@66b7cd30, org.springframework.security.web.servletapi.SecurityContextHolderAwareRequestFilter@2158ba4c, org.springframework.security.web.authentication.AnonymousAuthenticationFilter@1fb9a382, org.springframework.security.web.session.SessionManagementFilter@33ffe25, org.springframework.security.web.access.ExceptionTranslationFilter@29d41ab3, org.springframework.security.web.access.intercept.FilterSecurityInterceptor@2651ad26]
2021-05-24T08:49:29,338 INFO o.s.b.d.a.OptionalLiveReloadServer [restartedMain]: LiveReload server is running on port 35729
2021-05-24T08:49:29,359 INFO o.a.c.h.Http11NioProtocol [restartedMain]: Starting ProtocolHandler ["http-nio-8081"]
2021-05-24T08:49:29,380 INFO o.s.b.w.e.t.TomcatWebServer [restartedMain]: Tomcat started on port(s): 8081 (http) with context path ''
2021-05-24T08:49:29,391 INFO c.n.a.ApirestApplication [restartedMain]: Started ApirestApplication in 4.677 seconds (JVM running for 6.072)
2021-05-24T08:49:29,393 INFO o.s.b.a.ApplicationAvailabilityBean [restartedMain]: Application availability state LivenessState changed to CORRECT
2021-05-24T08:49:29,396 INFO o.s.b.a.ApplicationAvailabilityBean [restartedMain]: Application availability state ReadinessState changed to ACCEPTING_TRAFFIC
